<?xml version="1.0" encoding="UTF-8"?>
<!-- Generated by org.testng.reporters.JUnitReportReporter -->
<testsuite hostname="LIN-5CG3251Q22" failures="0" tests="2" name="com.restassured.RestAssuredTool.GetUserListTest1" time="2.071" errors="0" timestamp="2024-05-16T17:54:02 IST" skipped="0">
  <testcase classname="com.restassured.RestAssuredTool.GetUserListTest1" name="addData" time="1.925"/>
  <system-out/>
  <testcase classname="com.restassured.RestAssuredTool.GetUserListTest1" name="getData" time="0.146"/>
  <system-out/>
</testsuite> <!-- com.restassured.RestAssuredTool.GetUserListTest1 -->
