<?xml version="1.0" encoding="UTF-8"?>
<!-- Generated by org.testng.reporters.JUnitReportReporter -->
<testsuite hostname="LIN-5CG3251Q22" failures="0" tests="3" name="com.restassured.RestAssuredTool.DataProvidertest2$TestNGtest3" time="4.450" errors="0" timestamp="2024-05-16T17:49:09 IST" skipped="0">
  <testcase classname="com.restassured.RestAssuredTool.DataProvidertest2$TestNGtest3" name="addUser" time="0.532"/>
  <system-out/>
  <testcase classname="com.restassured.RestAssuredTool.DataProvidertest2$TestNGtest3" name="addUser" time="2.463"/>
  <system-out/>
  <testcase classname="com.restassured.RestAssuredTool.DataProvidertest2$TestNGtest3" name="addUser" time="1.455"/>
  <system-out/>
</testsuite> <!-- com.restassured.RestAssuredTool.DataProvidertest2$TestNGtest3 -->
