<?xml version="1.0" encoding="UTF-8"?>
<!-- Generated by org.testng.reporters.JUnitReportReporter -->
<testsuite hostname="LIN-5CG3251Q22" failures="0" tests="2" name="com.restassured.RestAssuredTool.TestNGTest4" time="2.193" errors="0" timestamp="2024-05-17T15:09:05 IST" skipped="0">
  <testcase classname="com.restassured.RestAssuredTool.TestNGTest4" name="create_patch" time="0.365"/>
  <system-out/>
  <testcase classname="com.restassured.RestAssuredTool.TestNGTest4" name="adduser" time="1.828"/>
  <system-out/>
</testsuite> <!-- com.restassured.RestAssuredTool.TestNGTest4 -->
