<?xml version="1.0" encoding="UTF-8"?>
<!-- Generated by org.testng.reporters.JUnitReportReporter -->
<testsuite hostname="LIN-5CG3251Q22" failures="0" tests="1" name="com.restassured.RestAssuredTool.Post_sawgger" time="3.413" errors="0" timestamp="2024-05-17T09:41:31 IST" skipped="0">
  <testcase classname="com.restassured.RestAssuredTool.Post_sawgger" name="fdh" time="3.413"/>
  <system-out/>
</testsuite> <!-- com.restassured.RestAssuredTool.Post_sawgger -->
