<?xml version="1.0" encoding="UTF-8"?>
<!-- Generated by org.testng.reporters.JUnitReportReporter -->
<testsuite hostname="LIN-5CG3251Q22" failures="0" tests="2" name="com.restassured.RestAssuredTool.TestNGtest1" time="0.015" errors="0" timestamp="2024-05-17T10:06:42 IST" skipped="0">
  <testcase classname="com.restassured.RestAssuredTool.TestNGtest1" name="display" time="0.013"/>
  <system-out/>
  <testcase classname="com.restassured.RestAssuredTool.TestNGtest1" name="show" time="0.002"/>
  <system-out/>
</testsuite> <!-- com.restassured.RestAssuredTool.TestNGtest1 -->
