<?xml version="1.0" encoding="UTF-8"?>
<!-- Generated by org.testng.reporters.JUnitReportReporter -->
<testsuite hostname="LIN-5CG3251Q22" failures="0" tests="1" name="com.restassured.RestAssuredTool.TestNGTest2" time="0.007" errors="0" timestamp="2024-05-16T17:51:51 IST" skipped="0">
  <testcase classname="com.restassured.RestAssuredTool.TestNGTest2" name="Test2" time="0.007"/>
  <system-out/>
</testsuite> <!-- com.restassured.RestAssuredTool.TestNGTest2 -->
