<?xml version="1.0" encoding="UTF-8"?>
<!-- Generated by org.testng.reporters.JUnitReportReporter -->
<testsuite hostname="LIN-5CG3251Q22" failures="0" tests="1" name="com.excelDemo.ExcelDataTest" time="2.718" errors="0" timestamp="2024-05-21T12:25:34 IST" skipped="0">
  <testcase classname="com.excelDemo.ExcelDataTest" name="exceldata" time="2.718"/>
  <system-out/>
</testsuite> <!-- com.excelDemo.ExcelDataTest -->
